<?xml version="1.0" encoding="UTF-8"?>
<!-- Generated by org.testng.reporters.JUnitReportReporter -->
<testsuite hostname="DESKTOP-LVPRPVO" failures="0" tests="1" name="testngExamples.Exp_Testing" time="4.221" errors="0" timestamp="28 Mar 2023 18:08:14 GMT">
  <testcase classname="testngExamples.Exp_Testing" name="login" time="4.221"/>
</testsuite> <!-- testngExamples.Exp_Testing -->
