<?xml version="1.0" encoding="UTF-8"?>
<!-- Generated by org.testng.reporters.JUnitReportReporter -->
<testsuite hostname="DESKTOP-LVPRPVO" failures="0" tests="1" name="com.hrms.testscripts.TC005" time="17.050" errors="0" timestamp="2023-04-03T09:46:57 IST" skipped="0">
  <testcase classname="com.hrms.testscripts.TC005" name="TC005" time="17.050"/>
  <system-out/>
</testsuite> <!-- com.hrms.testscripts.TC005 -->
