<?xml version="1.0" encoding="UTF-8"?>
<!-- Generated by org.testng.reporters.JUnitReportReporter -->
<testsuite hostname="DESKTOP-LVPRPVO" failures="0" tests="1" name="com.hrms.testscripts.TCOO1" time="13.167" errors="0" timestamp="2023-04-03T09:46:57 IST" skipped="0">
  <testcase classname="com.hrms.testscripts.TCOO1" name="TC001" time="13.167"/>
  <system-out/>
</testsuite> <!-- com.hrms.testscripts.TCOO1 -->
